433 actionable tasks: 432 executed, 1 up-to-date
FAILURE: Build failed with an exception.
* What went wrong:
Execution failed for task ':app:checkDebugDuplicateClasses'.
> A failure occurred while executing com.android.build.gradle.internal.tasks.CheckDuplicatesRunnable
   > Duplicate class android.support.v4.app.INotificationSideChannel found in modules core-1.13.1.aar -> core-1.13.1-runtime (androidx.core:core:1.13.1) and support-compat-27.1.1.aar -> support-compat-27.1.1-runtime (com.android.support:support-compat:27.1.1)
     Duplicate class android.support.v4.app.INotificationSideChannel$Stub found in modules core-1.13.1.aar -> core-1.13.1-runtime (androidx.core:core:1.13.1) and support-compat-27.1.1.aar -> support-compat-27.1.1-runtime (com.android.support:support-compat:27.1.1)
     Duplicate class android.support.v4.app.INotificationSideChannel$Stub$Proxy found in modules core-1.13.1.aar -> core-1.13.1-runtime (androidx.core:core:1.13.1) and support-compat-27.1.1.aar -> support-compat-27.1.1-runtime (com.android.support:support-compat:27.1.1)
     Duplicate class android.support.v4.os.IResultReceiver found in modules core-1.13.1.aar -> core-1.13.1-runtime (androidx.core:core:1.13.1) and support-compat-27.1.1.aar -> support-compat-27.1.1-runtime (com.android.support:support-compat:27.1.1)
     Duplicate class android.support.v4.os.IResultReceiver$Stub found in modules core-1.13.1.aar -> core-1.13.1-runtime (androidx.core:core:1.13.1) and support-compat-27.1.1.aar -> support-compat-27.1.1-runtime (com.android.support:support-compat:27.1.1)
     Duplicate class android.support.v4.os.IResultReceiver$Stub$Proxy found in modules core-1.13.1.aar -> core-1.13.1-runtime (androidx.core:core:1.13.1) and support-compat-27.1.1.aar -> support-compat-27.1.1-runtime (com.android.support:support-compat:27.1.1)
     Duplicate class android.support.v4.os.ResultReceiver found in modules core-1.13.1.aar -> core-1.13.1-runtime (androidx.core:core:1.13.1) and support-compat-27.1.1.aar -> support-compat-27.1.1-runtime (com.android.support:support-compat:27.1.1)
     Duplicate class android.support.v4.os.ResultReceiver$1 found in modules core-1.13.1.aar -> core-1.13.1-runtime (androidx.core:core:1.13.1) and support-compat-27.1.1.aar -> support-compat-27.1.1-runtime (com.android.support:support-compat:27.1.1)
     Duplicate class android.support.v4.os.ResultReceiver$MyResultReceiver found in modules core-1.13.1.aar -> core-1.13.1-runtime (androidx.core:core:1.13.1) and support-compat-27.1.1.aar -> support-compat-27.1.1-runtime (com.android.support:support-compat:27.1.1)
     Duplicate class android.support.v4.os.ResultReceiver$MyRunnable found in modules core-1.13.1.aar -> core-1.13.1-runtime (androidx.core:core:1.13.1) and support-compat-27.1.1.aar -> support-compat-27.1.1-runtime (com.android.support:support-compat:27.1.1)
     
     Learn how to fix dependency resolution errors at https://d.android.com/r/tools/classpath-sync-errors
* Try:
> Run with --stacktrace option to get the stack trace.
> Run with --info or --debug option to get more log output.
> Run with --scan to get full insights.
> Get more help at https://help.gradle.org.
BUILD FAILED in 2m 45s
Error: Gradle build failed with unknown error. See logs for the "Run gradlew" phase for more information.
Fail job

1s


Build failed: Gradle build failed with unknown error. See logs for the "Run gradlew" phase for more information.